TN:
SF:app.js
FN:22,(anonymous_0)
FN:29,(anonymous_1)
FNF:2
FNH:1
FNDA:0,(anonymous_0)
FNDA:6,(anonymous_1)
DA:4,2
DA:6,2
DA:9,2
DA:11,2
DA:14,2
DA:15,2
DA:17,2
DA:18,2
DA:22,2
DA:23,0
DA:24,0
DA:29,2
DA:30,6
DA:32,6
DA:38,2
LF:15
LH:13
BRDA:30,0,0,6
BRDA:30,0,1,0
BRF:2
BRH:1
end_of_record
TN:
SF:db.js
FNF:0
FNH:0
DA:3,2
DA:8,2
DA:9,2
DA:11,0
DA:15,2
DA:19,2
DA:21,2
LF:7
LH:6
BRDA:8,0,0,2
BRDA:8,0,1,0
BRF:2
BRH:1
end_of_record
TN:
SF:expressError.js
FN:8,(anonymous_0)
FNF:1
FNH:1
FNDA:6,(anonymous_0)
DA:9,6
DA:10,6
DA:11,6
DA:12,6
DA:16,2
LF:5
LH:5
BRF:0
BRH:0
end_of_record
TN:
SF:helper.js
FN:1,createInvoice
FNF:1
FNH:0
FNDA:0,createInvoice
DA:2,0
DA:14,0
DA:17,2
LF:3
LH:1
BRF:0
BRH:0
end_of_record
TN:
SF:routes/companies.js
FN:13,(anonymous_0)
FN:22,(anonymous_1)
FN:37,(anonymous_2)
FN:51,(anonymous_3)
FN:69,(anonymous_4)
FNF:5
FNH:5
FNDA:1,(anonymous_0)
FNDA:2,(anonymous_1)
FNDA:1,(anonymous_2)
FNDA:2,(anonymous_3)
FNDA:2,(anonymous_4)
DA:4,2
DA:7,2
DA:10,2
DA:11,2
DA:13,2
DA:14,1
DA:15,1
DA:16,1
DA:18,0
DA:22,2
DA:23,2
DA:24,2
DA:25,2
DA:28,2
DA:29,1
DA:31,1
DA:33,1
DA:37,2
DA:38,1
DA:39,1
DA:41,1
DA:45,1
DA:47,0
DA:51,2
DA:52,2
DA:53,2
DA:54,2
DA:56,2
DA:60,2
DA:61,1
DA:63,1
DA:65,1
DA:69,2
DA:70,2
DA:71,2
DA:73,2
DA:77,2
DA:78,1
DA:80,1
DA:82,1
DA:86,2
LF:41
LH:39
BRDA:28,0,0,1
BRDA:28,0,1,1
BRDA:60,1,0,1
BRDA:60,1,1,1
BRDA:77,2,0,1
BRDA:77,2,1,1
BRF:6
BRH:6
end_of_record
TN:
SF:routes/invoices.js
FN:14,(anonymous_0)
FN:26,(anonymous_1)
FN:46,(anonymous_2)
FN:60,(anonymous_3)
FN:78,(anonymous_4)
FNF:5
FNH:5
FNDA:1,(anonymous_0)
FNDA:1,(anonymous_1)
FNDA:1,(anonymous_2)
FNDA:1,(anonymous_3)
FNDA:2,(anonymous_4)
DA:4,2
DA:7,2
DA:8,2
DA:11,2
DA:12,2
DA:14,2
DA:15,1
DA:16,1
DA:20,1
DA:22,0
DA:26,2
DA:27,1
DA:28,1
DA:29,1
DA:33,1
DA:34,1
DA:37,0
DA:38,0
DA:40,0
DA:42,1
DA:46,2
DA:47,1
DA:48,1
DA:50,1
DA:54,1
DA:56,0
DA:60,2
DA:61,1
DA:62,1
DA:63,1
DA:65,1
DA:69,1
DA:70,1
DA:72,0
DA:74,1
DA:78,2
DA:79,2
DA:80,2
DA:82,2
DA:87,2
DA:88,1
DA:90,1
DA:92,1
DA:96,2
LF:44
LH:38
BRDA:33,0,0,1
BRDA:33,0,1,0
BRDA:69,1,0,1
BRDA:69,1,1,0
BRDA:87,2,0,1
BRDA:87,2,1,1
BRF:6
BRH:4
end_of_record
